Using pre-set license
Built from '2020.3/staging' branch; Version is '2020.3.33f1 (915a7af8b0d5) revision 9525882'; Using compiler version '192528614'; Build Type 'Release'
OS: 'Windows 10  (10.0.19044) 64bit Core' Language: 'ru' Physical Memory: 8140 MB
BatchMode: 1, IsHumanControllingUs: 0, StartBugReporterOnCrash: 0, Is64bit: 1, IsPro: 0

COMMAND LINE ARGUMENTS:
D:\2020.3.33f1\Editor\Unity.exe
-adb2
-batchMode
-noUpm
-name
AssetImportWorker0
-projectPath
C:/Users/mmarv/OneDrive/Documents/GitHub/GiantVillage1/GiantVillage1chapter
-logFile
Logs/AssetImportWorker0.log
-srvPort
55421
Successfully changed project path to: C:/Users/mmarv/OneDrive/Documents/GitHub/GiantVillage1/GiantVillage1chapter
C:/Users/mmarv/OneDrive/Documents/GitHub/GiantVillage1/GiantVillage1chapter
Using Asset Import Pipeline V2.
Refreshing native plugins compatible for Editor in 34.66 ms, found 2 plugins.
Preloading 0 native plugins for Editor in 0.00 ms.
Initialize engine version: 2020.3.33f1 (915a7af8b0d5)
[Subsystems] Discovering subsystems at path D:/2020.3.33f1/Editor/Data/Resources/UnitySubsystems
[Subsystems] Discovering subsystems at path C:/Users/mmarv/OneDrive/Documents/GitHub/GiantVillage1/GiantVillage1chapter/Assets
GfxDevice: creating device client; threaded=0
Direct3D:
    Version:  Direct3D 11.0 [level 11.1]
    Renderer: NVIDIA GeForce GTX 1660 SUPER (ID=0x21c4)
    Vendor:   
    VRAM:     5991 MB
    Driver:   31.0.15.1694
Initialize mono
Mono path[0] = 'D:/2020.3.33f1/Editor/Data/Managed'
Mono path[1] = 'D:/2020.3.33f1/Editor/Data/MonoBleedingEdge/lib/mono/unityjit'
Mono config path = 'D:/2020.3.33f1/Editor/Data/MonoBleedingEdge/etc'
Using monoOptions --debugger-agent=transport=dt_socket,embedding=1,server=y,suspend=n,address=127.0.0.1:56104
Begin MonoManager ReloadAssembly
Registering precompiled unity dll's ...
Register platform support module: D:/2020.3.33f1/Editor/Data/PlaybackEngines/WindowsStandaloneSupport/UnityEditor.WindowsStandalone.Extensions.dll
Registered in 0.021109 seconds.
Native extension for WindowsStandalone target not found
Refreshing native plugins compatible for Editor in 32.48 ms, found 2 plugins.
Preloading 0 native plugins for Editor in 0.00 ms.
Mono: successfully reloaded assembly
- Completed reload, in  1.514 seconds
Domain Reload Profiling:
	ReloadAssembly (1514ms)
		BeginReloadAssembly (885ms)
			ExecutionOrderSort (0ms)
			DisableScriptedObjects (0ms)
			BackupInstance (0ms)
			ReleaseScriptingObjects (0ms)
			CreateAndSetChildDomain (1ms)
		EndReloadAssembly (496ms)
			LoadAssemblies (884ms)
			RebuildTransferFunctionScriptingTraits (0ms)
			SetupTypeCache (176ms)
			ReleaseScriptCaches (0ms)
			RebuildScriptCaches (33ms)
			SetupLoadedEditorAssemblies (183ms)
				LogAssemblyErrors (0ms)
				InitializePlatformSupportModulesInManaged (4ms)
				SetLoadedEditorAssemblies (0ms)
				RefreshPlugins (33ms)
				BeforeProcessingInitializeOnLoad (9ms)
				ProcessInitializeOnLoadAttributes (107ms)
				ProcessInitializeOnLoadMethodAttributes (30ms)
				AfterProcessingInitializeOnLoad (0ms)
				EditorAssembliesLoaded (0ms)
			ExecutionOrderSort2 (0ms)
			AwakeInstancesAfterBackupRestoration (0ms)
Platform modules already initialized, skipping
Registering precompiled user dll's ...
Registered in 0.013230 seconds.
Begin MonoManager ReloadAssembly
Symbol file LoadedFromMemory doesn't match image C:\Users\mmarv\OneDrive\Documents\GitHub\GiantVillage1\GiantVillage1chapter\Library\PackageCache\com.unity.collab-proxy@1.15.15\Lib\Editor\PlasticSCM\unityplastic.dll
Native extension for WindowsStandalone target not found
Refreshing native plugins compatible for Editor in 0.36 ms, found 2 plugins.
Preloading 0 native plugins for Editor in 0.00 ms.
Mono: successfully reloaded assembly
- Completed reload, in  1.454 seconds
Domain Reload Profiling:
	ReloadAssembly (1455ms)
		BeginReloadAssembly (195ms)
			ExecutionOrderSort (0ms)
			DisableScriptedObjects (6ms)
			BackupInstance (0ms)
			ReleaseScriptingObjects (0ms)
			CreateAndSetChildDomain (22ms)
		EndReloadAssembly (1197ms)
			LoadAssemblies (213ms)
			RebuildTransferFunctionScriptingTraits (0ms)
			SetupTypeCache (420ms)
			ReleaseScriptCaches (0ms)
			RebuildScriptCaches (61ms)
			SetupLoadedEditorAssemblies (435ms)
				LogAssemblyErrors (0ms)
				InitializePlatformSupportModulesInManaged (5ms)
				SetLoadedEditorAssemblies (1ms)
				RefreshPlugins (0ms)
				BeforeProcessingInitializeOnLoad (58ms)
				ProcessInitializeOnLoadAttributes (306ms)
				ProcessInitializeOnLoadMethodAttributes (61ms)
				AfterProcessingInitializeOnLoad (3ms)
				EditorAssembliesLoaded (0ms)
			ExecutionOrderSort2 (0ms)
			AwakeInstancesAfterBackupRestoration (11ms)
Platform modules already initialized, skipping
========================================================================
Worker process is ready to serve import requests
Launched and connected shader compiler UnityShaderCompiler.exe after 0.09 seconds
Refreshing native plugins compatible for Editor in 0.54 ms, found 2 plugins.
Preloading 0 native plugins for Editor in 0.00 ms.
Unloading 1508 Unused Serialized files (Serialized files now loaded: 0)
System memory in use before: 69.1 MB.
System memory in use after: 69.2 MB.

Unloading 16 unused Assets to reduce memory usage. Loaded Objects now: 1944.
Total: 3.323100 ms (FindLiveObjects: 0.177700 ms CreateObjectMapping: 0.055700 ms MarkObjects: 3.009200 ms  DeleteObjects: 0.079500 ms)

AssetImportParameters requested are different than current active one (requested -> active):
  custom:framework-win-MediaFoundation: 216162199b28c13a410421893ffa2e32 -> 
  custom:video-decoder-ogg-theora: a1e56fd34408186e4bbccfd4996cb3dc -> 
  custom:container-muxer-webm: aa71ff27fc2769a1b78a27578f13a17b -> 
  custom:container-demuxer-webm: 4f35f7cbe854078d1ac9338744f61a02 -> 
  custom:container-demuxer-ogg: 62fdf1f143b41e24485cea50d1cbac27 -> 
  custom:video-encoder-webm-vp8: eb34c28f22e8b96e1ab97ce403110664 -> 
  custom:video-decoder-webm-vp8: 9c59270c3fd7afecdb556c50c9e8de78 -> 
  custom:audio-decoder-ogg-vorbis: bf7c407c2cedff20999df2af8eb42d56 -> 
  custom:audio-encoder-webm-vorbis: bf7c407c2cedff20999df2af8eb42d56 -> 
========================================================================
Received Import Request.
  path: Assets/Snow_mountain/Skybox/skybox_front.psd
  artifactKey: Guid(e816a17296a9d184ebfff0f3b41205ef) Importer(815301076,1909f56bfc062723c751e8b465ee728b)
Start importing Assets/Snow_mountain/Skybox/skybox_front.psd using Guid(e816a17296a9d184ebfff0f3b41205ef) Importer(815301076,1909f56bfc062723c751e8b465ee728b)  -> (artifact id: 'f31dea4e0a46fae7bf70572c271eab79') in 0.216402 seconds 
========================================================================
Received Import Request.
  Time since last request: 0.000310 seconds.
  path: Assets/Snow_mountain/Skybox
  artifactKey: Guid(ce21d4ac0c65cc54fb00bfcfa380223d) Importer(815301076,1909f56bfc062723c751e8b465ee728b)
Start importing Assets/Snow_mountain/Skybox using Guid(ce21d4ac0c65cc54fb00bfcfa380223d) Importer(815301076,1909f56bfc062723c751e8b465ee728b)  -> (artifact id: '6323ce4b8eb54bfe5dd8b73a73cce146') in 0.009268 seconds 
========================================================================
Received Import Request.
  Time since last request: 0.000400 seconds.
  path: Assets/Snow_mountain/Skybox/skybox.mat
  artifactKey: Guid(0ff3aa777f2ccae4dbada9366130d56b) Importer(815301076,1909f56bfc062723c751e8b465ee728b)
Start importing Assets/Snow_mountain/Skybox/skybox.mat using Guid(0ff3aa777f2ccae4dbada9366130d56b) Importer(815301076,1909f56bfc062723c751e8b465ee728b)  -> (artifact id: 'ffea597ceccad26a309fb1d3bfecd9c8') in 0.376858 seconds 
========================================================================
Received Import Request.
  Time since last request: 0.000176 seconds.
  path: Assets/Snow_mountain/Skybox/skybox_left.psd
  artifactKey: Guid(f6f3a44b2b12e9a45bc02ff2350c2873) Importer(815301076,1909f56bfc062723c751e8b465ee728b)
Start importing Assets/Snow_mountain/Skybox/skybox_left.psd using Guid(f6f3a44b2b12e9a45bc02ff2350c2873) Importer(815301076,1909f56bfc062723c751e8b465ee728b)  -> (artifact id: 'f0e516f6f5027043a2ef2e9a79283c9a') in 0.020291 seconds 
========================================================================
Received Import Request.
  Time since last request: 0.000179 seconds.
  path: Assets/Snow_mountain/Skybox/skybox_back.psd
  artifactKey: Guid(09485c71d5564f24f92d4244bc27b5fc) Importer(815301076,1909f56bfc062723c751e8b465ee728b)
Start importing Assets/Snow_mountain/Skybox/skybox_back.psd using Guid(09485c71d5564f24f92d4244bc27b5fc) Importer(815301076,1909f56bfc062723c751e8b465ee728b)  -> (artifact id: '4b6c8f51d80402958d3f8a4d1f8c6952') in 0.019720 seconds 
========================================================================
Received Import Request.
  Time since last request: 0.000219 seconds.
  path: Assets/Snow_mountain/Skybox/skybox_down.psd
  artifactKey: Guid(1b733cade4c3ad644b02226637e1cd09) Importer(815301076,1909f56bfc062723c751e8b465ee728b)
Start importing Assets/Snow_mountain/Skybox/skybox_down.psd using Guid(1b733cade4c3ad644b02226637e1cd09) Importer(815301076,1909f56bfc062723c751e8b465ee728b)  -> (artifact id: '8f40069a3da075ede8efb2a6d3b782db') in 0.019745 seconds 
========================================================================
Received Import Request.
  Time since last request: 0.000169 seconds.
  path: Assets/Snow_mountain
  artifactKey: Guid(55be51c3018a2a84b953f5897dc1cc6b) Importer(815301076,1909f56bfc062723c751e8b465ee728b)
Start importing Assets/Snow_mountain using Guid(55be51c3018a2a84b953f5897dc1cc6b) Importer(815301076,1909f56bfc062723c751e8b465ee728b)  -> (artifact id: 'cae43ff84915fa7910ee7e9dc343a7df') in 0.010329 seconds 
========================================================================
Received Import Request.
  Time since last request: 0.000375 seconds.
  path: Assets/Snow_mountain/Skybox/skybox_right.psd
  artifactKey: Guid(76cfeb5d9a2650144902a599ec509800) Importer(815301076,1909f56bfc062723c751e8b465ee728b)
Start importing Assets/Snow_mountain/Skybox/skybox_right.psd using Guid(76cfeb5d9a2650144902a599ec509800) Importer(815301076,1909f56bfc062723c751e8b465ee728b)  -> (artifact id: 'cf8a678814275df474e4a2e3a88299e7') in 0.018486 seconds 
========================================================================
Received Import Request.
  Time since last request: 0.000185 seconds.
  path: Assets/Snow_mountain/Skybox/skybox_up.psd
  artifactKey: Guid(a6202455a7a564340b2dd1deb92aaa75) Importer(815301076,1909f56bfc062723c751e8b465ee728b)
Start importing Assets/Snow_mountain/Skybox/skybox_up.psd using Guid(a6202455a7a564340b2dd1deb92aaa75) Importer(815301076,1909f56bfc062723c751e8b465ee728b)  -> (artifact id: '88e6a6e49b0363fdbe66152065c20097') in 0.022245 seconds 
========================================================================
Received Import Request.
  Time since last request: 33.606194 seconds.
  path: Assets/Snow_mountain/snow_mountain
  artifactKey: Guid(9e4cb0238dc7bb141aa484766c6b86df) Importer(815301076,1909f56bfc062723c751e8b465ee728b)
Start importing Assets/Snow_mountain/snow_mountain using Guid(9e4cb0238dc7bb141aa484766c6b86df) Importer(815301076,1909f56bfc062723c751e8b465ee728b)  -> (artifact id: '10ed7be78c6b06c0b6cbe94bc302e7b8') in 0.009337 seconds 
========================================================================
Received Import Request.
  Time since last request: 0.056787 seconds.
  path: Assets/Snow_mountain/snow_mountain/Snow_mountain.FBX
  artifactKey: Guid(41dc84019e9376b46908ba7afdd1d15e) Importer(815301076,1909f56bfc062723c751e8b465ee728b)
Start importing Assets/Snow_mountain/snow_mountain/Snow_mountain.FBX using Guid(41dc84019e9376b46908ba7afdd1d15e) Importer(815301076,1909f56bfc062723c751e8b465ee728b)  -> (artifact id: '3ee97ddb1e4d15649a1bf9ad5a842c6e') in 0.377564 seconds 
========================================================================
Received Import Request.
  Time since last request: 16.005970 seconds.
  path: Assets/Snow_mountain/snow_mountain/Prefabs
  artifactKey: Guid(f9ba8302f427d8a4aa6cbf0484a8a530) Importer(815301076,1909f56bfc062723c751e8b465ee728b)
Start importing Assets/Snow_mountain/snow_mountain/Prefabs using Guid(f9ba8302f427d8a4aa6cbf0484a8a530) Importer(815301076,1909f56bfc062723c751e8b465ee728b)  -> (artifact id: '282be75e9213e1901a9e07f610777cc9') in 0.010599 seconds 
========================================================================
Received Import Request.
  Time since last request: 0.039847 seconds.
  path: Assets/Snow_mountain/snow_mountain/Prefabs/Snow_mountain.prefab
  artifactKey: Guid(a85feef60c5e675428276a080c95062c) Importer(815301076,1909f56bfc062723c751e8b465ee728b)
Start importing Assets/Snow_mountain/snow_mountain/Prefabs/Snow_mountain.prefab using Guid(a85feef60c5e675428276a080c95062c) Importer(815301076,1909f56bfc062723c751e8b465ee728b)  -> (artifact id: '90f0ad70b5ed0d78c17cead49e5a9b38') in 0.021117 seconds 
========================================================================
Received Import Request.
  Time since last request: 53.421384 seconds.
  path: Assets/Snow_mountain/snow_mountain/Textures
  artifactKey: Guid(4641c4aff4ae87f4bb850f06107354bf) Importer(815301076,1909f56bfc062723c751e8b465ee728b)
Start importing Assets/Snow_mountain/snow_mountain/Textures using Guid(4641c4aff4ae87f4bb850f06107354bf) Importer(815301076,1909f56bfc062723c751e8b465ee728b)  -> (artifact id: 'b719b7e49575f932ca2b3ea658468bd9') in 0.008694 seconds 
========================================================================
Received Import Request.
  Time since last request: 0.049339 seconds.
  path: Assets/Snow_mountain/snow_mountain/Textures/cliff.bmp
  artifactKey: Guid(7a4af93871e53e0469842bbfd4f387d6) Importer(815301076,1909f56bfc062723c751e8b465ee728b)
Start importing Assets/Snow_mountain/snow_mountain/Textures/cliff.bmp using Guid(7a4af93871e53e0469842bbfd4f387d6) Importer(815301076,1909f56bfc062723c751e8b465ee728b)  -> (artifact id: '456251541cdfce05e43ef070fd2ae7c3') in 0.034964 seconds 
========================================================================
Received Import Request.
  Time since last request: 0.000295 seconds.
  path: Assets/Snow_mountain/snow_mountain/Textures/full2.bmp
  artifactKey: Guid(b5e27e7947ddac94fa502412c16f977a) Importer(815301076,1909f56bfc062723c751e8b465ee728b)
Start importing Assets/Snow_mountain/snow_mountain/Textures/full2.bmp using Guid(b5e27e7947ddac94fa502412c16f977a) Importer(815301076,1909f56bfc062723c751e8b465ee728b)  -> (artifact id: '418064b43ab3f9394628613bdadf812a') in 0.021314 seconds 
========================================================================
Received Import Request.
  Time since last request: 0.000243 seconds.
  path: Assets/Snow_mountain/snow_mountain/Textures/color.bmp
  artifactKey: Guid(5877e731e4b02b64fb783af32ac4e3ff) Importer(815301076,1909f56bfc062723c751e8b465ee728b)
Start importing Assets/Snow_mountain/snow_mountain/Textures/color.bmp using Guid(5877e731e4b02b64fb783af32ac4e3ff) Importer(815301076,1909f56bfc062723c751e8b465ee728b)  -> (artifact id: '6acf5cdc1c453ea72ca32656213c4618') in 0.019225 seconds 
========================================================================
Received Import Request.
  Time since last request: 0.000196 seconds.
  path: Assets/Snow_mountain/snow_mountain/Textures/light.bmp
  artifactKey: Guid(c92da6b40cfbf4a42830e371effea9ba) Importer(815301076,1909f56bfc062723c751e8b465ee728b)
Start importing Assets/Snow_mountain/snow_mountain/Textures/light.bmp using Guid(c92da6b40cfbf4a42830e371effea9ba) Importer(815301076,1909f56bfc062723c751e8b465ee728b)  -> (artifact id: 'cd2eb3c6b5da6a6df3aec89beeb5bc09') in 0.019008 seconds 
========================================================================
Received Import Request.
  Time since last request: 0.000154 seconds.
  path: Assets/Snow_mountain/snow_mountain/Textures/flow.bmp
  artifactKey: Guid(3934eab70ec672f44a86a9a59abe5e3a) Importer(815301076,1909f56bfc062723c751e8b465ee728b)
Start importing Assets/Snow_mountain/snow_mountain/Textures/flow.bmp using Guid(3934eab70ec672f44a86a9a59abe5e3a) Importer(815301076,1909f56bfc062723c751e8b465ee728b)  -> (artifact id: '1c117cbe90d8275864319b2562cfa88e') in 0.018161 seconds 
========================================================================
Received Import Request.
  Time since last request: 0.000270 seconds.
  path: Assets/Snow_mountain/snow_mountain/Textures/normal.bmp
  artifactKey: Guid(6d52adc336599df4d928c2de4d8f93f4) Importer(815301076,1909f56bfc062723c751e8b465ee728b)
Start importing Assets/Snow_mountain/snow_mountain/Textures/normal.bmp using Guid(6d52adc336599df4d928c2de4d8f93f4) Importer(815301076,1909f56bfc062723c751e8b465ee728b)  -> (artifact id: '70d04746e698feb70da54a2ba041cac0') in 0.036964 seconds 
========================================================================
Received Import Request.
  Time since last request: 0.000588 seconds.
  path: Assets/Snow_mountain/snow_mountain/Textures/snow.bmp
  artifactKey: Guid(6cf2e24d0cf44ed4394d3b8269596d60) Importer(815301076,1909f56bfc062723c751e8b465ee728b)
Start importing Assets/Snow_mountain/snow_mountain/Textures/snow.bmp using Guid(6cf2e24d0cf44ed4394d3b8269596d60) Importer(815301076,1909f56bfc062723c751e8b465ee728b)  -> (artifact id: '1c746b2a5f1690ed55f7e49c76ef23aa') in 0.023687 seconds 
========================================================================
Received Import Request.
  Time since last request: 0.000208 seconds.
  path: Assets/Snow_mountain/snow_mountain/Textures/height.bmp
  artifactKey: Guid(7f1ed89065970354d964dab09923351b) Importer(815301076,1909f56bfc062723c751e8b465ee728b)
Start importing Assets/Snow_mountain/snow_mountain/Textures/height.bmp using Guid(7f1ed89065970354d964dab09923351b) Importer(815301076,1909f56bfc062723c751e8b465ee728b)  -> (artifact id: '857e9a013fb4a79c0c70236d9d07fac8') in 0.022241 seconds 
========================================================================
Received Import Request.
  Time since last request: 46.938465 seconds.
  path: Assets/Snow_mountain/snow_mountain/Textures/depositphotos_1883620-stock-photo-snow-seamless-background.jpg
  artifactKey: Guid(96c258248a445df40a7a6fba88c128e2) Importer(815301076,1909f56bfc062723c751e8b465ee728b)
Start importing Assets/Snow_mountain/snow_mountain/Textures/depositphotos_1883620-stock-photo-snow-seamless-background.jpg using Guid(96c258248a445df40a7a6fba88c128e2) Importer(815301076,1909f56bfc062723c751e8b465ee728b)  -> (artifact id: '7969312c71fe059c3a12260d166395bf') in 0.019899 seconds 
========================================================================
Received Prepare
Registering precompiled user dll's ...
Registered in 0.006759 seconds.
Begin MonoManager ReloadAssembly
Symbol file LoadedFromMemory doesn't match image C:\Users\mmarv\OneDrive\Documents\GitHub\GiantVillage1\GiantVillage1chapter\Library\PackageCache\com.unity.collab-proxy@1.15.15\Lib\Editor\PlasticSCM\unityplastic.dll
Native extension for WindowsStandalone target not found
Refreshing native plugins compatible for Editor in 37.86 ms, found 2 plugins.
Preloading 0 native plugins for Editor in 0.00 ms.
Mono: successfully reloaded assembly
- Completed reload, in  1.447 seconds
Domain Reload Profiling:
	ReloadAssembly (1448ms)
		BeginReloadAssembly (141ms)
			ExecutionOrderSort (0ms)
			DisableScriptedObjects (4ms)
			BackupInstance (0ms)
			ReleaseScriptingObjects (0ms)
			CreateAndSetChildDomain (44ms)
		EndReloadAssembly (1242ms)
			LoadAssemblies (116ms)
			RebuildTransferFunctionScriptingTraits (0ms)
			SetupTypeCache (328ms)
			ReleaseScriptCaches (1ms)
			RebuildScriptCaches (48ms)
			SetupLoadedEditorAssemblies (635ms)
				LogAssemblyErrors (0ms)
				InitializePlatformSupportModulesInManaged (3ms)
				SetLoadedEditorAssemblies (0ms)
				RefreshPlugins (38ms)
				BeforeProcessingInitializeOnLoad (52ms)
				ProcessInitializeOnLoadAttributes (530ms)
				ProcessInitializeOnLoadMethodAttributes (9ms)
				AfterProcessingInitializeOnLoad (2ms)
				EditorAssembliesLoaded (0ms)
			ExecutionOrderSort2 (0ms)
			AwakeInstancesAfterBackupRestoration (8ms)
Platform modules already initialized, skipping
Refreshing native plugins compatible for Editor in 0.45 ms, found 2 plugins.
Preloading 0 native plugins for Editor in 0.00 ms.
Unloading 1693 Unused Serialized files (Serialized files now loaded: 0)
System memory in use before: 86.9 MB.
System memory in use after: 83.4 MB.

Unloading 52 unused Assets to reduce memory usage. Loaded Objects now: 2156.
Total: 3.809800 ms (FindLiveObjects: 0.164000 ms CreateObjectMapping: 0.056000 ms MarkObjects: 2.362600 ms  DeleteObjects: 1.226600 ms)

AssetImportParameters requested are different than current active one (requested -> active):
  custom:framework-win-MediaFoundation: 216162199b28c13a410421893ffa2e32 -> 
  custom:video-decoder-ogg-theora: a1e56fd34408186e4bbccfd4996cb3dc -> 
  custom:container-muxer-webm: aa71ff27fc2769a1b78a27578f13a17b -> 
  custom:container-demuxer-webm: 4f35f7cbe854078d1ac9338744f61a02 -> 
  custom:container-demuxer-ogg: 62fdf1f143b41e24485cea50d1cbac27 -> 
  custom:video-encoder-webm-vp8: eb34c28f22e8b96e1ab97ce403110664 -> 
  custom:video-decoder-webm-vp8: 9c59270c3fd7afecdb556c50c9e8de78 -> 
  custom:audio-decoder-ogg-vorbis: bf7c407c2cedff20999df2af8eb42d56 -> 
  custom:audio-encoder-webm-vorbis: bf7c407c2cedff20999df2af8eb42d56 -> 
========================================================================
Received Import Request.
  Time since last request: 248.249813 seconds.
  path: Assets/Snow_mountain/snow_mountain/Textures/NewBrush.brush
  artifactKey: Guid(62d2891c42c90ba4ab02f60be3236eee) Importer(815301076,1909f56bfc062723c751e8b465ee728b)
Start importing Assets/Snow_mountain/snow_mountain/Textures/NewBrush.brush using Guid(62d2891c42c90ba4ab02f60be3236eee) Importer(815301076,1909f56bfc062723c751e8b465ee728b)  -> (artifact id: 'bf80270fb6819df20df769b33ff9fe7d') in 0.105089 seconds 
========================================================================
Received Import Request.
  Time since last request: 41.714995 seconds.
  path: Assets/Snow_mountain/snow_mountain/Textures/depositphotos_1883620-stock-photo-snow-seamless-background.jpg
  artifactKey: Guid(96c258248a445df40a7a6fba88c128e2) Importer(815301076,1909f56bfc062723c751e8b465ee728b)
Start importing Assets/Snow_mountain/snow_mountain/Textures/depositphotos_1883620-stock-photo-snow-seamless-background.jpg using Guid(96c258248a445df40a7a6fba88c128e2) Importer(815301076,1909f56bfc062723c751e8b465ee728b)  -> (artifact id: 'e94632cae15521638ae9bab82c22a64b') in 0.023897 seconds 
========================================================================
Received Import Request.
  Time since last request: 19.888573 seconds.
  path: Assets/Snow_mountain/snow_mountain/Textures/NewBrush 1.brush
  artifactKey: Guid(ec8b55916942ae942b5da70e661c833d) Importer(815301076,1909f56bfc062723c751e8b465ee728b)
Start importing Assets/Snow_mountain/snow_mountain/Textures/NewBrush 1.brush using Guid(ec8b55916942ae942b5da70e661c833d) Importer(815301076,1909f56bfc062723c751e8b465ee728b)  -> (artifact id: 'fcbceb0891db6044ba5eac5206ca82dc') in 0.016586 seconds 
========================================================================
Received Prepare
Registering precompiled user dll's ...
Registered in 0.015201 seconds.
Begin MonoManager ReloadAssembly
Symbol file LoadedFromMemory doesn't match image C:\Users\mmarv\OneDrive\Documents\GitHub\GiantVillage1\GiantVillage1chapter\Library\PackageCache\com.unity.collab-proxy@1.15.15\Lib\Editor\PlasticSCM\unityplastic.dll
Native extension for WindowsStandalone target not found
Refreshing native plugins compatible for Editor in 0.39 ms, found 2 plugins.
Preloading 0 native plugins for Editor in 0.00 ms.
Mono: successfully reloaded assembly
- Completed reload, in  3.006 seconds
Domain Reload Profiling:
	ReloadAssembly (3007ms)
		BeginReloadAssembly (951ms)
			ExecutionOrderSort (0ms)
			DisableScriptedObjects (4ms)
			BackupInstance (0ms)
			ReleaseScriptingObjects (0ms)
			CreateAndSetChildDomain (39ms)
		EndReloadAssembly (1999ms)
			LoadAssemblies (1475ms)
			RebuildTransferFunctionScriptingTraits (0ms)
			SetupTypeCache (300ms)
			ReleaseScriptCaches (1ms)
			RebuildScriptCaches (41ms)
			SetupLoadedEditorAssemblies (886ms)
				LogAssemblyErrors (0ms)
				InitializePlatformSupportModulesInManaged (4ms)
				SetLoadedEditorAssemblies (0ms)
				RefreshPlugins (0ms)
				BeforeProcessingInitializeOnLoad (54ms)
				ProcessInitializeOnLoadAttributes (772ms)
				ProcessInitializeOnLoadMethodAttributes (52ms)
				AfterProcessingInitializeOnLoad (3ms)
				EditorAssembliesLoaded (0ms)
			ExecutionOrderSort2 (0ms)
			AwakeInstancesAfterBackupRestoration (7ms)
Platform modules already initialized, skipping
Refreshing native plugins compatible for Editor in 0.39 ms, found 2 plugins.
Preloading 0 native plugins for Editor in 0.00 ms.
Unloading 1705 Unused Serialized files (Serialized files now loaded: 0)
System memory in use before: 104.3 MB.
System memory in use after: 84.4 MB.

Unloading 60 unused Assets to reduce memory usage. Loaded Objects now: 2168.
Total: 5.420300 ms (FindLiveObjects: 0.182600 ms CreateObjectMapping: 0.061700 ms MarkObjects: 2.871600 ms  DeleteObjects: 2.303200 ms)

AssetImportParameters requested are different than current active one (requested -> active):
  custom:framework-win-MediaFoundation: 216162199b28c13a410421893ffa2e32 -> 
  custom:video-decoder-ogg-theora: a1e56fd34408186e4bbccfd4996cb3dc -> 
  custom:container-muxer-webm: aa71ff27fc2769a1b78a27578f13a17b -> 
  custom:container-demuxer-webm: 4f35f7cbe854078d1ac9338744f61a02 -> 
  custom:container-demuxer-ogg: 62fdf1f143b41e24485cea50d1cbac27 -> 
  custom:video-encoder-webm-vp8: eb34c28f22e8b96e1ab97ce403110664 -> 
  custom:video-decoder-webm-vp8: 9c59270c3fd7afecdb556c50c9e8de78 -> 
  custom:audio-decoder-ogg-vorbis: bf7c407c2cedff20999df2af8eb42d56 -> 
  custom:audio-encoder-webm-vorbis: bf7c407c2cedff20999df2af8eb42d56 -> 
========================================================================
Received Import Request.
  Time since last request: 1438.288339 seconds.
  path: Assets/Conifers [BOTD]/Render Pipeline Support/Built-in RP/Prefabs/PF Conifer Bare BOTD.prefab
  artifactKey: Guid(539fa9bc6500e44708e0f7b2c78cbefe) Importer(815301076,1909f56bfc062723c751e8b465ee728b)
Start importing Assets/Conifers [BOTD]/Render Pipeline Support/Built-in RP/Prefabs/PF Conifer Bare BOTD.prefab using Guid(539fa9bc6500e44708e0f7b2c78cbefe) Importer(815301076,1909f56bfc062723c751e8b465ee728b)  -> (artifact id: 'cd4c4c103b6ddcb84a815fe3ebbb24cc') in 3.057630 seconds 
========================================================================
Received Import Request.
  Time since last request: 0.000259 seconds.
  path: Assets/Conifers [BOTD]/Render Pipeline Support/Built-in RP/Prefabs/PF Conifer Small BOTD.prefab
  artifactKey: Guid(7e3c80b421a0d465b80b8e51a763ea9c) Importer(815301076,1909f56bfc062723c751e8b465ee728b)
Start importing Assets/Conifers [BOTD]/Render Pipeline Support/Built-in RP/Prefabs/PF Conifer Small BOTD.prefab using Guid(7e3c80b421a0d465b80b8e51a763ea9c) Importer(815301076,1909f56bfc062723c751e8b465ee728b)  -> (artifact id: 'edf0c1e766608c3958fc0ef36aa82ff7') in 0.579278 seconds 
========================================================================
Received Import Request.
  Time since last request: 0.000253 seconds.
  path: Assets/Conifers [BOTD]/Render Pipeline Support/Built-in RP/Prefabs/PF Conifer Tall BOTD.prefab
  artifactKey: Guid(f41642586885949968180791f012ee81) Importer(815301076,1909f56bfc062723c751e8b465ee728b)
Start importing Assets/Conifers [BOTD]/Render Pipeline Support/Built-in RP/Prefabs/PF Conifer Tall BOTD.prefab using Guid(f41642586885949968180791f012ee81) Importer(815301076,1909f56bfc062723c751e8b465ee728b)  -> (artifact id: '0040e3049963ea514a110370f2581618') in 0.347437 seconds 
========================================================================
Received Import Request.
  Time since last request: 0.000188 seconds.
  path: Assets/Conifers [BOTD]/Render Pipeline Support/Built-in RP/Prefabs/PF Conifer Medium BOTD.prefab
  artifactKey: Guid(abdd95d0229d64588b03d2806d9cc19a) Importer(815301076,1909f56bfc062723c751e8b465ee728b)
Start importing Assets/Conifers [BOTD]/Render Pipeline Support/Built-in RP/Prefabs/PF Conifer Medium BOTD.prefab using Guid(abdd95d0229d64588b03d2806d9cc19a) Importer(815301076,1909f56bfc062723c751e8b465ee728b)  -> (artifact id: '8805e1681fa4f2e3f1a7c6ef05690bd7') in 0.072531 seconds 
========================================================================
Received Import Request.
  Time since last request: 0.381484 seconds.
  path: Assets/Conifers [BOTD]
  artifactKey: Guid(ee172c6ddcefc7d46873dea8b00b78ce) Importer(815301076,1909f56bfc062723c751e8b465ee728b)
Start importing Assets/Conifers [BOTD] using Guid(ee172c6ddcefc7d46873dea8b00b78ce) Importer(815301076,1909f56bfc062723c751e8b465ee728b)  -> (artifact id: '04d82ccecb28441e679a935feb49924a') in 0.007248 seconds 
========================================================================
Received Import Request.
  Time since last request: 1.649442 seconds.
  path: Assets/Conifers [BOTD]/Render Pipeline Support
  artifactKey: Guid(bf28865a6e5fab64c84db5fa4c2f7cae) Importer(815301076,1909f56bfc062723c751e8b465ee728b)
Start importing Assets/Conifers [BOTD]/Render Pipeline Support using Guid(bf28865a6e5fab64c84db5fa4c2f7cae) Importer(815301076,1909f56bfc062723c751e8b465ee728b)  -> (artifact id: '4c0b3aecd7822a49360c33695e9a048d') in 0.012811 seconds 
========================================================================
Received Import Request.
  Time since last request: 0.547462 seconds.
  path: Assets/Conifers [BOTD]/Render Pipeline Support/Built-in RP
  artifactKey: Guid(89b57d6e07166334994217f6375166e5) Importer(815301076,1909f56bfc062723c751e8b465ee728b)
Start importing Assets/Conifers [BOTD]/Render Pipeline Support/Built-in RP using Guid(89b57d6e07166334994217f6375166e5) Importer(815301076,1909f56bfc062723c751e8b465ee728b)  -> (artifact id: 'a9557b6d6642c763d088b01a74d6c41d') in 0.009804 seconds 
========================================================================
Received Import Request.
  Time since last request: 1.020513 seconds.
  path: Assets/Conifers [BOTD]/Render Pipeline Support/Built-in RP/Prefabs
  artifactKey: Guid(fdf7d2f3736054f08b8ffebe4d2a8fcf) Importer(815301076,1909f56bfc062723c751e8b465ee728b)
Start importing Assets/Conifers [BOTD]/Render Pipeline Support/Built-in RP/Prefabs using Guid(fdf7d2f3736054f08b8ffebe4d2a8fcf) Importer(815301076,1909f56bfc062723c751e8b465ee728b)  -> (artifact id: '6a1c3b4e24233d1a47a8901d542a49e0') in 0.013952 seconds 
========================================================================
Received Import Request.
  Time since last request: 6.873436 seconds.
  path: Assets/Conifers [BOTD]/Render Pipeline Support/Built-in RP/CTI Runtime Components/PF CTI Windzone.prefab
  artifactKey: Guid(eaf383cb55cf38f448529df28e28abba) Importer(815301076,1909f56bfc062723c751e8b465ee728b)
Start importing Assets/Conifers [BOTD]/Render Pipeline Support/Built-in RP/CTI Runtime Components/PF CTI Windzone.prefab using Guid(eaf383cb55cf38f448529df28e28abba) Importer(815301076,1909f56bfc062723c751e8b465ee728b)  -> (artifact id: 'ad167c030f37c0ae451e2821efa84e17') in 0.011481 seconds 
========================================================================
Received Import Request.
  Time since last request: 46.767101 seconds.
  path: Assets
  artifactKey: Guid(00000000000000001000000000000000) Importer(815301076,1909f56bfc062723c751e8b465ee728b)
Start importing Assets using Guid(00000000000000001000000000000000) Importer(815301076,1909f56bfc062723c751e8b465ee728b)  -> (artifact id: '42d402b061de3733987d63b9cc3b64de') in 0.008714 seconds 
========================================================================
Received Prepare
Registering precompiled user dll's ...
Registered in 0.003416 seconds.
Begin MonoManager ReloadAssembly
Symbol file LoadedFromMemory doesn't match image C:\Users\mmarv\OneDrive\Documents\GitHub\GiantVillage1\GiantVillage1chapter\Library\PackageCache\com.unity.collab-proxy@1.15.15\Lib\Editor\PlasticSCM\unityplastic.dll
Native extension for WindowsStandalone target not found
Refreshing native plugins compatible for Editor in 0.37 ms, found 2 plugins.
Preloading 0 native plugins for Editor in 0.00 ms.
Mono: successfully reloaded assembly
- Completed reload, in  1.222 seconds
Domain Reload Profiling:
	ReloadAssembly (1222ms)
		BeginReloadAssembly (118ms)
			ExecutionOrderSort (0ms)
			DisableScriptedObjects (5ms)
			BackupInstance (0ms)
			ReleaseScriptingObjects (0ms)
			CreateAndSetChildDomain (37ms)
		EndReloadAssembly (1042ms)
			LoadAssemblies (104ms)
			RebuildTransferFunctionScriptingTraits (0ms)
			SetupTypeCache (278ms)
			ReleaseScriptCaches (1ms)
			RebuildScriptCaches (41ms)
			SetupLoadedEditorAssemblies (533ms)
				LogAssemblyErrors (0ms)
				InitializePlatformSupportModulesInManaged (4ms)
				SetLoadedEditorAssemblies (0ms)
				RefreshPlugins (0ms)
				BeforeProcessingInitializeOnLoad (50ms)
				ProcessInitializeOnLoadAttributes (465ms)
				ProcessInitializeOnLoadMethodAttributes (10ms)
				AfterProcessingInitializeOnLoad (3ms)
				EditorAssembliesLoaded (0ms)
			ExecutionOrderSort2 (0ms)
			AwakeInstancesAfterBackupRestoration (7ms)
Platform modules already initialized, skipping
Refreshing native plugins compatible for Editor in 0.51 ms, found 2 plugins.
Preloading 0 native plugins for Editor in 0.00 ms.
Unloading 1705 Unused Serialized files (Serialized files now loaded: 0)
System memory in use before: 104.5 MB.
System memory in use after: 100.1 MB.

Unloading 57 unused Assets to reduce memory usage. Loaded Objects now: 2175.
Total: 4.452400 ms (FindLiveObjects: 0.213700 ms CreateObjectMapping: 0.070700 ms MarkObjects: 2.517500 ms  DeleteObjects: 1.649400 ms)

AssetImportParameters requested are different than current active one (requested -> active):
  custom:framework-win-MediaFoundation: 216162199b28c13a410421893ffa2e32 -> 
  custom:video-decoder-ogg-theora: a1e56fd34408186e4bbccfd4996cb3dc -> 
  custom:container-muxer-webm: aa71ff27fc2769a1b78a27578f13a17b -> 
  custom:container-demuxer-webm: 4f35f7cbe854078d1ac9338744f61a02 -> 
  custom:container-demuxer-ogg: 62fdf1f143b41e24485cea50d1cbac27 -> 
  custom:video-encoder-webm-vp8: eb34c28f22e8b96e1ab97ce403110664 -> 
  custom:video-decoder-webm-vp8: 9c59270c3fd7afecdb556c50c9e8de78 -> 
  custom:audio-decoder-ogg-vorbis: bf7c407c2cedff20999df2af8eb42d56 -> 
  custom:audio-encoder-webm-vorbis: bf7c407c2cedff20999df2af8eb42d56 -> 
========================================================================
Received Import Request.
  Time since last request: 12.069148 seconds.
  path: Assets/Post Processing
  artifactKey: Guid(b7e47634022679a468d417b136e11691) Importer(815301076,1909f56bfc062723c751e8b465ee728b)
Start importing Assets/Post Processing using Guid(b7e47634022679a468d417b136e11691) Importer(815301076,1909f56bfc062723c751e8b465ee728b)  -> (artifact id: '5f5bae76f8d926562c2e8fcadc4c2dbe') in 0.025031 seconds 
========================================================================
Received Prepare
Registering precompiled user dll's ...
Registered in 0.003687 seconds.
Begin MonoManager ReloadAssembly
Symbol file LoadedFromMemory doesn't match image C:\Users\mmarv\OneDrive\Documents\GitHub\GiantVillage1\GiantVillage1chapter\Library\PackageCache\com.unity.collab-proxy@1.15.15\Lib\Editor\PlasticSCM\unityplastic.dll
Native extension for WindowsStandalone target not found
Refreshing native plugins compatible for Editor in 0.41 ms, found 2 plugins.
Preloading 0 native plugins for Editor in 0.00 ms.
[ScriptCompilation] NOT recompiling all scripts because this is an import worker process. Reason to compile was: Define symbols changed
Mono: successfully reloaded assembly
- Completed reload, in  1.193 seconds
Domain Reload Profiling:
	ReloadAssembly (1194ms)
		BeginReloadAssembly (118ms)
			ExecutionOrderSort (0ms)
			DisableScriptedObjects (4ms)
			BackupInstance (0ms)
			ReleaseScriptingObjects (0ms)
			CreateAndSetChildDomain (39ms)
		EndReloadAssembly (1014ms)
			LoadAssemblies (98ms)
			RebuildTransferFunctionScriptingTraits (0ms)
			SetupTypeCache (266ms)
			ReleaseScriptCaches (1ms)
			RebuildScriptCaches (39ms)
			SetupLoadedEditorAssemblies (530ms)
				LogAssemblyErrors (0ms)
				InitializePlatformSupportModulesInManaged (4ms)
				SetLoadedEditorAssemblies (0ms)
				RefreshPlugins (0ms)
				BeforeProcessingInitializeOnLoad (49ms)
				ProcessInitializeOnLoadAttributes (465ms)
				ProcessInitializeOnLoadMethodAttributes (8ms)
				AfterProcessingInitializeOnLoad (2ms)
				EditorAssembliesLoaded (0ms)
			ExecutionOrderSort2 (0ms)
			AwakeInstancesAfterBackupRestoration (6ms)
Platform modules already initialized, skipping
Refreshing native plugins compatible for Editor in 0.48 ms, found 2 plugins.
Preloading 0 native plugins for Editor in 0.00 ms.
Unloading 1823 Unused Serialized files (Serialized files now loaded: 0)
System memory in use before: 112.2 MB.
System memory in use after: 105.8 MB.

Unloading 84 unused Assets to reduce memory usage. Loaded Objects now: 2272.
Total: 4.806300 ms (FindLiveObjects: 0.175100 ms CreateObjectMapping: 0.076400 ms MarkObjects: 2.377100 ms  DeleteObjects: 2.177000 ms)

AssetImportParameters requested are different than current active one (requested -> active):
  custom:framework-win-MediaFoundation: 216162199b28c13a410421893ffa2e32 -> 
  custom:video-decoder-ogg-theora: a1e56fd34408186e4bbccfd4996cb3dc -> 
  custom:container-muxer-webm: aa71ff27fc2769a1b78a27578f13a17b -> 
  custom:container-demuxer-webm: 4f35f7cbe854078d1ac9338744f61a02 -> 
  custom:container-demuxer-ogg: 62fdf1f143b41e24485cea50d1cbac27 -> 
  custom:video-encoder-webm-vp8: eb34c28f22e8b96e1ab97ce403110664 -> 
  custom:video-decoder-webm-vp8: 9c59270c3fd7afecdb556c50c9e8de78 -> 
  custom:audio-decoder-ogg-vorbis: bf7c407c2cedff20999df2af8eb42d56 -> 
  custom:audio-encoder-webm-vorbis: bf7c407c2cedff20999df2af8eb42d56 -> 
========================================================================
Received Import Request.
  Time since last request: 85.963375 seconds.
  path: Assets/Post Processing/Profile.asset
  artifactKey: Guid(f42e13a6fe4e24d4590c19bf4eef9fe3) Importer(815301076,1909f56bfc062723c751e8b465ee728b)
Start importing Assets/Post Processing/Profile.asset using Guid(f42e13a6fe4e24d4590c19bf4eef9fe3) Importer(815301076,1909f56bfc062723c751e8b465ee728b)  -> (artifact id: '4e1371cd2041f3860c8faeda90056667') in 0.050988 seconds 
========================================================================
Received Import Request.
  Time since last request: 26.429905 seconds.
  path: Assets/Snow_mountain/snow_mountain/Materials/Snow_mountain_t1_2.mat
  artifactKey: Guid(68767cb0b84f2f646b8f841c92350840) Importer(815301076,1909f56bfc062723c751e8b465ee728b)
Start importing Assets/Snow_mountain/snow_mountain/Materials/Snow_mountain_t1_2.mat using Guid(68767cb0b84f2f646b8f841c92350840) Importer(815301076,1909f56bfc062723c751e8b465ee728b)  -> (artifact id: 'd20c2617d2be104830b9c02b9f4384e8') in 0.120359 seconds 
========================================================================
Received Import Request.
  Time since last request: 0.000171 seconds.
  path: Assets/Snow_mountain/snow_mountain/Materials/snow.mat
  artifactKey: Guid(267fbe72ac656f040b7c45130219e438) Importer(815301076,1909f56bfc062723c751e8b465ee728b)
Start importing Assets/Snow_mountain/snow_mountain/Materials/snow.mat using Guid(267fbe72ac656f040b7c45130219e438) Importer(815301076,1909f56bfc062723c751e8b465ee728b)  -> (artifact id: 'd3482dafa59b1e9148ab01e3cf5221a8') in 0.025462 seconds 
========================================================================
Received Import Request.
  Time since last request: 0.395050 seconds.
  path: Assets/Conifers [BOTD]/Render Pipeline Support/Built-in RP/Sources/Materials/M Conifer Leaves BODT.mat
  artifactKey: Guid(086b89f98297d43a4ae1f80ebc88e938) Importer(815301076,1909f56bfc062723c751e8b465ee728b)
Start importing Assets/Conifers [BOTD]/Render Pipeline Support/Built-in RP/Sources/Materials/M Conifer Leaves BODT.mat using Guid(086b89f98297d43a4ae1f80ebc88e938) Importer(815301076,1909f56bfc062723c751e8b465ee728b)  -> (artifact id: 'dd34b158adb569206dd118be57090560') in 0.034137 seconds 
========================================================================
Received Import Request.
  Time since last request: 0.000258 seconds.
  path: Assets/Conifers [BOTD]/Render Pipeline Support/Built-in RP/Sources/Materials/M Conifer Bark Simple BODT.mat
  artifactKey: Guid(fcbc9e998124d414da7cb0d951f649a3) Importer(815301076,1909f56bfc062723c751e8b465ee728b)
Start importing Assets/Conifers [BOTD]/Render Pipeline Support/Built-in RP/Sources/Materials/M Conifer Bark Simple BODT.mat using Guid(fcbc9e998124d414da7cb0d951f649a3) Importer(815301076,1909f56bfc062723c751e8b465ee728b)  -> (artifact id: 'a7923c869d97353db8b0e9a853411440') in 0.026422 seconds 
========================================================================
Received Import Request.
  Time since last request: 7.788072 seconds.
  path: Assets/Conifers [BOTD]/Render Pipeline Support/Built-in RP/Sources/Materials/M Conifer Bark Array BODT.mat
  artifactKey: Guid(a7e78992c7c5347a29bb4ad9b987be59) Importer(815301076,1909f56bfc062723c751e8b465ee728b)
Start importing Assets/Conifers [BOTD]/Render Pipeline Support/Built-in RP/Sources/Materials/M Conifer Bark Array BODT.mat using Guid(a7e78992c7c5347a29bb4ad9b987be59) Importer(815301076,1909f56bfc062723c751e8b465ee728b)  -> (artifact id: '05005ebe6ec08e1abb9e2749d2eb3448') in 0.280211 seconds 
========================================================================
Received Import Request.
  Time since last request: 0.059986 seconds.
  path: Assets/Snow_mountain/snow_mountain/Materials/light.mat
  artifactKey: Guid(d71e675125d5dfe4884b959e82bf5264) Importer(815301076,1909f56bfc062723c751e8b465ee728b)
Start importing Assets/Snow_mountain/snow_mountain/Materials/light.mat using Guid(d71e675125d5dfe4884b959e82bf5264) Importer(815301076,1909f56bfc062723c751e8b465ee728b)  -> (artifact id: '5d984e4e91853f8aed631d9b514b9c3b') in 0.028674 seconds 
========================================================================
Received Import Request.
  Time since last request: 0.025834 seconds.
  path: Assets/Snow_mountain/snow_mountain/Materials/depositphotos_1883620-stock-photo-snow-seamless-background.mat
  artifactKey: Guid(0b3481c193ed57b45b5e9fac8e0c79c7) Importer(815301076,1909f56bfc062723c751e8b465ee728b)
Start importing Assets/Snow_mountain/snow_mountain/Materials/depositphotos_1883620-stock-photo-snow-seamless-background.mat using Guid(0b3481c193ed57b45b5e9fac8e0c79c7) Importer(815301076,1909f56bfc062723c751e8b465ee728b)  -> (artifact id: '64345658f6a969bddd1a186f0299af26') in 0.014979 seconds 
========================================================================
Received Import Request.
  Time since last request: 0.300734 seconds.
  path: Assets/Conifers [BOTD]/Render Pipeline Support/Built-in RP/CTI Runtime Components/Default Components/Resources/CTI_default_billboard_material.mat
  artifactKey: Guid(6da1894adda584f759ccf5e4d9ada5bf) Importer(815301076,1909f56bfc062723c751e8b465ee728b)
Start importing Assets/Conifers [BOTD]/Render Pipeline Support/Built-in RP/CTI Runtime Components/Default Components/Resources/CTI_default_billboard_material.mat using Guid(6da1894adda584f759ccf5e4d9ada5bf) Importer(815301076,1909f56bfc062723c751e8b465ee728b)  -> (artifact id: 'd9a8e204a388eb4f3ee00f933251405f') in 0.020595 seconds 
========================================================================
Received Import Request.
  Time since last request: 1.087340 seconds.
  path: Assets/Conifers [BOTD]/Render Pipeline Support/Built-in RP/Sources/Billboards/Conifer Tall_BillboardMaterial.mat
  artifactKey: Guid(cb64c4536ee5b445783c428f4a53af1c) Importer(815301076,1909f56bfc062723c751e8b465ee728b)
Start importing Assets/Conifers [BOTD]/Render Pipeline Support/Built-in RP/Sources/Billboards/Conifer Tall_BillboardMaterial.mat using Guid(cb64c4536ee5b445783c428f4a53af1c) Importer(815301076,1909f56bfc062723c751e8b465ee728b)  -> (artifact id: '8a842bd2c7fe7df202f1cf22a5950386') in 0.158235 seconds 
========================================================================
Received Import Request.
  Time since last request: 0.000171 seconds.
  path: Assets/Conifers [BOTD]/Render Pipeline Support/Built-in RP/Sources/Billboards/Conifer Small_BillboardMaterial.mat
  artifactKey: Guid(fba25871281c3416cbb4faf8edfb3a1c) Importer(815301076,1909f56bfc062723c751e8b465ee728b)
Start importing Assets/Conifers [BOTD]/Render Pipeline Support/Built-in RP/Sources/Billboards/Conifer Small_BillboardMaterial.mat using Guid(fba25871281c3416cbb4faf8edfb3a1c) Importer(815301076,1909f56bfc062723c751e8b465ee728b)  -> (artifact id: '932f5f43fb5fe202a7f195926851e7a6') in 0.031980 seconds 
========================================================================
Received Import Request.
  Time since last request: 0.518925 seconds.
  path: Assets/Conifers [BOTD]/Render Pipeline Support/Built-in RP/Sources/Billboards/Conifer Medium_BillboardMaterial.mat
  artifactKey: Guid(fc87aa03e15b04f0e881cbf7847f77c4) Importer(815301076,1909f56bfc062723c751e8b465ee728b)
Start importing Assets/Conifers [BOTD]/Render Pipeline Support/Built-in RP/Sources/Billboards/Conifer Medium_BillboardMaterial.mat using Guid(fc87aa03e15b04f0e881cbf7847f77c4) Importer(815301076,1909f56bfc062723c751e8b465ee728b)  -> (artifact id: '560a8ea653885f1f43a6e13afe0b6430') in 0.030353 seconds 
========================================================================
Received Import Request.
  Time since last request: 0.039953 seconds.
  path: Assets/Conifers [BOTD]/Render Pipeline Support/Built-in RP/Sources/Billboards/Conifer Bare_BillboardMaterial.mat
  artifactKey: Guid(be7cd6e9ad58a462a91b1cae7694ef4c) Importer(815301076,1909f56bfc062723c751e8b465ee728b)
Start importing Assets/Conifers [BOTD]/Render Pipeline Support/Built-in RP/Sources/Billboards/Conifer Bare_BillboardMaterial.mat using Guid(be7cd6e9ad58a462a91b1cae7694ef4c) Importer(815301076,1909f56bfc062723c751e8b465ee728b)  -> (artifact id: 'd086a42d25981a7563e4e9fbdf78b5be') in 0.030002 seconds 
========================================================================
Received Import Request.
  Time since last request: 0.202504 seconds.
  path: Assets/Snow_mountain/snow_mountain/Materials/color.mat
  artifactKey: Guid(242354c587a042b49a1b21313136965f) Importer(815301076,1909f56bfc062723c751e8b465ee728b)
Start importing Assets/Snow_mountain/snow_mountain/Materials/color.mat using Guid(242354c587a042b49a1b21313136965f) Importer(815301076,1909f56bfc062723c751e8b465ee728b)  -> (artifact id: 'd1382fa739d052f5aab4d1a7541d91fc') in 0.028554 seconds 
========================================================================
Received Import Request.
  Time since last request: 35.232117 seconds.
  path: Assets/Materials
  artifactKey: Guid(e50051d191827a649bf538fd108a504d) Importer(815301076,1909f56bfc062723c751e8b465ee728b)
Start importing Assets/Materials using Guid(e50051d191827a649bf538fd108a504d) Importer(815301076,1909f56bfc062723c751e8b465ee728b)  -> (artifact id: '11210a3748ef155d038163e174be6f0f') in 0.012099 seconds 
========================================================================
Received Import Request.
  Time since last request: 6.324073 seconds.
  path: Assets/Materials/Snow.mat
  artifactKey: Guid(6d75eaa27bc2be141b903f00a2c49792) Importer(815301076,1909f56bfc062723c751e8b465ee728b)
Start importing Assets/Materials/Snow.mat using Guid(6d75eaa27bc2be141b903f00a2c49792) Importer(815301076,1909f56bfc062723c751e8b465ee728b)  -> (artifact id: '53ce929f01b71395280a9e210bb48a4d') in 0.024335 seconds 
========================================================================
Received Import Request.
  Time since last request: 152.653204 seconds.
  path: ProjectSettings/TagManager.asset
  artifactKey: Guid(00000000000000003000000000000000) Importer(815301076,1909f56bfc062723c751e8b465ee728b)
Start importing ProjectSettings/TagManager.asset using Guid(00000000000000003000000000000000) Importer(815301076,1909f56bfc062723c751e8b465ee728b)  -> (artifact id: 'ce6a35c3cddc746e7501c0bd0ed6d4ce') in 0.007263 seconds 
========================================================================
Received Import Request.
  Time since last request: 29.219978 seconds.
  path: Assets/Post Processing/Profile.asset
  artifactKey: Guid(f42e13a6fe4e24d4590c19bf4eef9fe3) Importer(815301076,1909f56bfc062723c751e8b465ee728b)
Start importing Assets/Post Processing/Profile.asset using Guid(f42e13a6fe4e24d4590c19bf4eef9fe3) Importer(815301076,1909f56bfc062723c751e8b465ee728b)  -> (artifact id: '9c918f0acb7e13f546f168f085a56fe9') in 0.013745 seconds 
========================================================================
Received Prepare
Registering precompiled user dll's ...
Registered in 0.003301 seconds.
Begin MonoManager ReloadAssembly
Symbol file LoadedFromMemory doesn't match image C:\Users\mmarv\OneDrive\Documents\GitHub\GiantVillage1\GiantVillage1chapter\Library\PackageCache\com.unity.collab-proxy@1.15.15\Lib\Editor\PlasticSCM\unityplastic.dll
Native extension for WindowsStandalone target not found
Refreshing native plugins compatible for Editor in 0.45 ms, found 2 plugins.
Preloading 0 native plugins for Editor in 0.00 ms.
Mono: successfully reloaded assembly
- Completed reload, in  1.348 seconds
Domain Reload Profiling:
	ReloadAssembly (1349ms)
		BeginReloadAssembly (129ms)
			ExecutionOrderSort (0ms)
			DisableScriptedObjects (4ms)
			BackupInstance (0ms)
			ReleaseScriptingObjects (0ms)
			CreateAndSetChildDomain (45ms)
		EndReloadAssembly (1163ms)
			LoadAssemblies (105ms)
			RebuildTransferFunctionScriptingTraits (0ms)
			SetupTypeCache (281ms)
			ReleaseScriptCaches (1ms)
			RebuildScriptCaches (42ms)
			SetupLoadedEditorAssemblies (645ms)
				LogAssemblyErrors (0ms)
				InitializePlatformSupportModulesInManaged (4ms)
				SetLoadedEditorAssemblies (0ms)
				RefreshPlugins (0ms)
				BeforeProcessingInitializeOnLoad (49ms)
				ProcessInitializeOnLoadAttributes (579ms)
				ProcessInitializeOnLoadMethodAttributes (10ms)
				AfterProcessingInitializeOnLoad (2ms)
				EditorAssembliesLoaded (0ms)
			ExecutionOrderSort2 (0ms)
			AwakeInstancesAfterBackupRestoration (7ms)
Platform modules already initialized, skipping
Refreshing native plugins compatible for Editor in 0.51 ms, found 2 plugins.
Preloading 0 native plugins for Editor in 0.00 ms.
Unloading 1823 Unused Serialized files (Serialized files now loaded: 0)
System memory in use before: 112.3 MB.
System memory in use after: 106.3 MB.

Unloading 83 unused Assets to reduce memory usage. Loaded Objects now: 2278.
Total: 9.020300 ms (FindLiveObjects: 0.255700 ms CreateObjectMapping: 0.091100 ms MarkObjects: 3.077000 ms  DeleteObjects: 5.595100 ms)

AssetImportParameters requested are different than current active one (requested -> active):
  custom:framework-win-MediaFoundation: 216162199b28c13a410421893ffa2e32 -> 
  custom:video-decoder-ogg-theora: a1e56fd34408186e4bbccfd4996cb3dc -> 
  custom:container-muxer-webm: aa71ff27fc2769a1b78a27578f13a17b -> 
  custom:container-demuxer-webm: 4f35f7cbe854078d1ac9338744f61a02 -> 
  custom:container-demuxer-ogg: 62fdf1f143b41e24485cea50d1cbac27 -> 
  custom:video-encoder-webm-vp8: eb34c28f22e8b96e1ab97ce403110664 -> 
  custom:video-decoder-webm-vp8: 9c59270c3fd7afecdb556c50c9e8de78 -> 
  custom:audio-decoder-ogg-vorbis: bf7c407c2cedff20999df2af8eb42d56 -> 
  custom:audio-encoder-webm-vorbis: bf7c407c2cedff20999df2af8eb42d56 -> 
========================================================================
Received Import Request.
  Time since last request: 105.435075 seconds.
  path: Assets/3Dmodels
  artifactKey: Guid(fae0acb289cdeab4f84294600967b3bf) Importer(815301076,1909f56bfc062723c751e8b465ee728b)
Start importing Assets/3Dmodels using Guid(fae0acb289cdeab4f84294600967b3bf) Importer(815301076,1909f56bfc062723c751e8b465ee728b)  -> (artifact id: '3ff93762334d86f63ef1a8f1f66453ee') in 0.013967 seconds 
AssetImportWorkerClient::OnTransportError - code=2 error=End of file
